2018-10-06 11:31:34,962 [Worker-7] INFO  o.e.m.c.i.e.AbstractTransferListenerAdapter - Downloaded http://repo.maven.apache.org/maven2/org/springframework/boot/spring-boot-starter-parent/2.0.1.RELEASE/spring-boot-starter-parent-2.0.1.RELEASE.pom
2018-10-06 14:23:04,454 [Worker-8] INFO  o.e.m.c.i.p.ProjectConfigurationManager - Imported and configured 1 project(s) in 0 sec
2018-10-06 14:23:16,261 [Worker-6] ERROR o.e.m.c.i.p.r.ProjectRegistryManager - Failed to read Maven project: 1 problem was encountered while building the effective model for com.example:MongoDemo:0.0.1-SNAPSHOT
[FATAL] Non-resolvable parent POM: Failure to transfer org.springframework.boot:spring-boot-starter-parent:pom:2.0.5.RELEASE from http://repo.maven.apache.org/maven2 was cached in the local repository, resolution will not be reattempted until the update interval of central has elapsed or updates are forced. Original error: Could not transfer artifact org.springframework.boot:spring-boot-starter-parent:pom:2.0.5.RELEASE from/to central (http://repo.maven.apache.org/maven2): Connection refused: connect and 'parent.relativePath' points at no local POM @ line 14, column 10
 for project com.example:MongoDemo:0.0.1-SNAPSHOT at D:\SpringBootDemos\MongoDemo\pom.xml
org.apache.maven.project.ProjectBuildingException: 1 problem was encountered while building the effective model for com.example:MongoDemo:0.0.1-SNAPSHOT
[FATAL] Non-resolvable parent POM: Failure to transfer org.springframework.boot:spring-boot-starter-parent:pom:2.0.5.RELEASE from http://repo.maven.apache.org/maven2 was cached in the local repository, resolution will not be reattempted until the update interval of central has elapsed or updates are forced. Original error: Could not transfer artifact org.springframework.boot:spring-boot-starter-parent:pom:2.0.5.RELEASE from/to central (http://repo.maven.apache.org/maven2): Connection refused: connect and 'parent.relativePath' points at no local POM @ line 14, column 10
 for project com.example:MongoDemo:0.0.1-SNAPSHOT at D:\SpringBootDemos\MongoDemo\pom.xml
	at org.apache.maven.project.DefaultProjectBuilder.build(DefaultProjectBuilder.java:152) ~[maven-core-3.2.1.jar:3.2.1]
	at org.apache.maven.project.DefaultProjectBuilder.build(DefaultProjectBuilder.java:105) ~[maven-core-3.2.1.jar:3.2.1]
	at org.eclipse.m2e.core.internal.embedder.MavenImpl.readMavenProject(MavenImpl.java:629) ~[org.eclipse.m2e.core_1.5.0.20140606-0033.jar:na]
	at org.eclipse.m2e.core.internal.project.registry.ProjectRegistryManager$5.call(ProjectRegistryManager.java:779) ~[org.eclipse.m2e.core_1.5.0.20140606-0033.jar:na]
	at org.eclipse.m2e.core.internal.project.registry.ProjectRegistryManager$5.call(ProjectRegistryManager.java:1) ~[org.eclipse.m2e.core_1.5.0.20140606-0033.jar:na]
	at org.eclipse.m2e.core.internal.embedder.MavenExecutionContext.executeBare(MavenExecutionContext.java:166) ~[org.eclipse.m2e.core_1.5.0.20140606-0033.jar:na]
	at org.eclipse.m2e.core.internal.embedder.MavenExecutionContext.execute(MavenExecutionContext.java:142) ~[org.eclipse.m2e.core_1.5.0.20140606-0033.jar:na]
	at org.eclipse.m2e.core.internal.embedder.MavenExecutionContext.execute(MavenExecutionContext.java:96) ~[org.eclipse.m2e.core_1.5.0.20140606-0033.jar:na]
	at org.eclipse.m2e.core.internal.project.registry.ProjectRegistryManager.execute(ProjectRegistryManager.java:913) ~[org.eclipse.m2e.core_1.5.0.20140606-0033.jar:na]
	at org.eclipse.m2e.core.internal.project.registry.ProjectRegistryManager.readProjectWithDependencies(ProjectRegistryManager.java:775) ~[org.eclipse.m2e.core_1.5.0.20140606-0033.jar:na]
	at org.eclipse.m2e.core.internal.project.registry.ProjectRegistryManager.create(ProjectRegistryManager.java:188) ~[org.eclipse.m2e.core_1.5.0.20140606-0033.jar:na]
	at org.eclipse.m2e.core.internal.project.registry.MavenProjectManager.create(MavenProjectManager.java:80) [org.eclipse.m2e.core_1.5.0.20140606-0033.jar:na]
	at org.eclipse.m2e.core.ui.internal.actions.SelectionUtil.getMavenProject(SelectionUtil.java:259) [org.eclipse.m2e.core.ui_1.5.0.20140606-0033.jar:na]
	at org.eclipse.m2e.editor.pom.MavenPomEditor.readMavenProject(MavenPomEditor.java:753) [org.eclipse.m2e.editor_1.5.0.20140606-0033.jar:na]
	at org.eclipse.m2e.editor.pom.MavenPomEditor$6.run(MavenPomEditor.java:1073) [org.eclipse.m2e.editor_1.5.0.20140606-0033.jar:na]
	at org.eclipse.core.internal.jobs.Worker.run(Worker.java:54) [org.eclipse.core.jobs_3.6.0.v20140424-0053.jar:na]
Caused by: org.apache.maven.model.building.ModelBuildingException: 1 problem was encountered while building the effective model for com.example:MongoDemo:0.0.1-SNAPSHOT
[FATAL] Non-resolvable parent POM: Failure to transfer org.springframework.boot:spring-boot-starter-parent:pom:2.0.5.RELEASE from http://repo.maven.apache.org/maven2 was cached in the local repository, resolution will not be reattempted until the update interval of central has elapsed or updates are forced. Original error: Could not transfer artifact org.springframework.boot:spring-boot-starter-parent:pom:2.0.5.RELEASE from/to central (http://repo.maven.apache.org/maven2): Connection refused: connect and 'parent.relativePath' points at no local POM @ line 14, column 10

	at org.apache.maven.model.building.DefaultModelProblemCollector.newModelBuildingException(DefaultModelProblemCollector.java:195) ~[maven-model-builder-3.2.1.jar:3.2.1]
	at org.apache.maven.model.building.DefaultModelBuilder.readParentExternally(DefaultModelBuilder.java:848) ~[maven-model-builder-3.2.1.jar:3.2.1]
	at org.apache.maven.model.building.DefaultModelBuilder.readParent(DefaultModelBuilder.java:669) ~[maven-model-builder-3.2.1.jar:3.2.1]
	at org.apache.maven.model.building.DefaultModelBuilder.build(DefaultModelBuilder.java:307) ~[maven-model-builder-3.2.1.jar:3.2.1]
	at org.apache.maven.project.DefaultProjectBuilder.build(DefaultProjectBuilder.java:145) ~[maven-core-3.2.1.jar:3.2.1]
	... 15 common frames omitted
